2018-07-16 15:13:09,504 - Velocimacro : autoload off : VM system will not automatically reload global library macros
2018-07-16 15:13:36,958 - Null reference [template 'templateParam', line 106, column 14] : $skip_porting cannot be resolved.
2018-07-16 15:13:37,329 - Null reference [template 'templateParam', line 106, column 14] : $skip_porting cannot be resolved.
2018-07-16 15:13:37,406 - Null reference [template 'templateParam', line 106, column 14] : $skip_porting cannot be resolved.
2018-07-16 15:13:45,414 - ResourceManager : found tpjsmiddlewareerror.vm with loader org.apache.velocity.runtime.resource.loader.ClasspathResourceLoader
2018-07-16 15:13:45,414 - ResourceManager : found tpjssessionerror.vm with loader org.apache.velocity.runtime.resource.loader.ClasspathResourceLoader
2018-07-16 15:13:45,415 - ResourceManager : found tpjsapperror.vm with loader org.apache.velocity.runtime.resource.loader.ClasspathResourceLoader
2018-07-16 15:13:45,439 - ResourceManager : found tpjsmiddlewareinvoker.vm with loader org.apache.velocity.runtime.resource.loader.ClasspathResourceLoader
2018-07-16 15:13:45,439 - Left side ($palmpre) of '==' operation has null value. If a reference, it may not be in the context. Operation not possible. tpjsmiddlewareinvoker.vm [line 93, column 20]
2018-07-16 15:13:45,439 - Left side ($palmpre) of '==' operation has null value. If a reference, it may not be in the context. Operation not possible. tpjsmiddlewareinvoker.vm [line 172, column 20]
2018-07-16 15:13:45,439 - Left side ($palmpre) of '==' operation has null value. If a reference, it may not be in the context. Operation not possible. tpjsmiddlewareinvoker.vm [line 255, column 20]
2018-07-16 15:13:45,439 - Left side ($palmpre) of '==' operation has null value. If a reference, it may not be in the context. Operation not possible. tpjsmiddlewareinvoker.vm [line 326, column 20]
2018-07-16 15:13:45,439 - Left side ($palmpre) of '==' operation has null value. If a reference, it may not be in the context. Operation not possible. tpjsmiddlewareinvoker.vm [line 395, column 20]
2018-07-16 15:13:45,439 - ResourceManager : found tpjscallfunc.vm with loader org.apache.velocity.runtime.resource.loader.ClasspathResourceLoader
2018-07-16 15:13:45,493 - ResourceManager : found tpjsstartup.vm with loader org.apache.velocity.runtime.resource.loader.ClasspathResourceLoader
2018-07-16 15:13:45,500 - ResourceManager : found tpjshybridstartupforspa.vm with loader org.apache.velocity.runtime.resource.loader.ClasspathResourceLoader
2018-07-16 15:13:45,520 - ResourceManager : found tpjswinmobilesequencecontainerglobals.vm with loader org.apache.velocity.runtime.resource.loader.ClasspathResourceLoader
2018-07-16 15:13:45,526 - ResourceManager : found tpjswinmobilesequence.vm with loader org.apache.velocity.runtime.resource.loader.ClasspathResourceLoader
2018-07-16 15:13:45,531 - ResourceManager : found tpjsappconfigfortc.vm with loader org.apache.velocity.runtime.resource.loader.ClasspathResourceLoader
2018-07-16 15:13:45,532 - ResourceManager : found customizederrorjsptemplate.vm with loader org.apache.velocity.runtime.resource.loader.ClasspathResourceLoader
2018-07-16 15:13:45,538 - ResourceManager : found tpspabasetemplateforjs.vm with loader org.apache.velocity.runtime.resource.loader.ClasspathResourceLoader
2018-07-16 15:13:45,542 - ResourceManager : found tpjsformglobalsforbb10.vm with loader org.apache.velocity.runtime.resource.loader.ClasspathResourceLoader
2018-07-16 17:22:28,071 - Log4JLogChute initialized using file 'velocity.log'
2018-07-16 17:22:28,071 - Starting Apache Velocity v1.5 (compiled: 2007-02-22 08:52:29)
2018-07-16 17:22:28,071 - Default Properties File: org\apache\velocity\runtime\defaults\velocity.properties
2018-07-16 17:22:28,071 - Trying to use logger class org.apache.velocity.runtime.log.AvalonLogChute
2018-07-16 17:22:28,083 - Couldn't find class org.apache.velocity.runtime.log.AvalonLogChute or necessary supporting classes in classpath.
java.lang.NoClassDefFoundError: org/apache/log/format/Formatter
	at java.lang.Class.forName0(Native Method)
	at java.lang.Class.forName(Class.java:348)
	at org.apache.velocity.util.ClassUtils.getClass(ClassUtils.java:63)
	at org.apache.velocity.util.ClassUtils.getNewInstance(ClassUtils.java:95)
	at org.apache.velocity.runtime.log.LogManager.createLogChute(LogManager.java:147)
	at org.apache.velocity.runtime.log.LogManager.updateLog(LogManager.java:208)
	at org.apache.velocity.runtime.RuntimeInstance.initializeLog(RuntimeInstance.java:728)
	at org.apache.velocity.runtime.RuntimeInstance.init(RuntimeInstance.java:240)
	at org.apache.velocity.runtime.RuntimeInstance.init(RuntimeInstance.java:534)
	at org.apache.velocity.runtime.RuntimeSingleton.init(RuntimeSingleton.java:227)
	at org.apache.velocity.app.Velocity.init(Velocity.java:111)
	at com.kony.tool.templateprovider.VelocityTemplateProvider.<clinit>(VelocityTemplateProvider.java:53)
	at com.pat.tool.keditor.KEditorPlugin.init(KEditorPlugin.java:1147)
	at com.pat.tool.keditor.KEditorPlugin.start(KEditorPlugin.java:645)
	at org.eclipse.osgi.framework.internal.core.BundleContextImpl$1.run(BundleContextImpl.java:711)
	at java.security.AccessController.doPrivileged(Native Method)
	at org.eclipse.osgi.framework.internal.core.BundleContextImpl.startActivator(BundleContextImpl.java:702)
	at org.eclipse.osgi.framework.internal.core.BundleContextImpl.start(BundleContextImpl.java:683)
	at org.eclipse.osgi.framework.internal.core.BundleHost.startWorker(BundleHost.java:381)
	at org.eclipse.osgi.framework.internal.core.AbstractBundle.start(AbstractBundle.java:300)
	at org.eclipse.osgi.framework.util.SecureAction.start(SecureAction.java:478)
	at org.eclipse.osgi.internal.loader.BundleLoader.setLazyTrigger(BundleLoader.java:263)
	at org.eclipse.core.runtime.internal.adaptor.EclipseLazyStarter.postFindLocalClass(EclipseLazyStarter.java:109)
	at org.eclipse.osgi.baseadaptor.loader.ClasspathManager.findLocalClass(ClasspathManager.java:469)
	at org.eclipse.osgi.internal.baseadaptor.DefaultClassLoader.findLocalClass(DefaultClassLoader.java:216)
	at org.eclipse.osgi.internal.loader.BundleLoader.findLocalClass(BundleLoader.java:395)
	at org.eclipse.osgi.internal.loader.BundleLoader.findClassInternal(BundleLoader.java:464)
	at org.eclipse.osgi.internal.loader.BundleLoader.findClass(BundleLoader.java:421)
	at org.eclipse.osgi.internal.loader.BundleLoader.findClass(BundleLoader.java:412)
	at org.eclipse.osgi.internal.baseadaptor.DefaultClassLoader.loadClass(DefaultClassLoader.java:107)
	at java.lang.ClassLoader.loadClass(ClassLoader.java:357)
	at org.eclipse.osgi.internal.loader.BundleLoader.loadClass(BundleLoader.java:340)
	at org.eclipse.osgi.framework.internal.core.BundleHost.loadClass(BundleHost.java:229)
	at org.eclipse.osgi.framework.internal.core.AbstractBundle.loadClass(AbstractBundle.java:1212)
	at org.eclipse.core.internal.registry.osgi.RegistryStrategyOSGI.createExecutableExtension(RegistryStrategyOSGI.java:174)
	at org.eclipse.core.internal.registry.ExtensionRegistry.createExecutableExtension(ExtensionRegistry.java:905)
	at org.eclipse.core.internal.registry.ConfigurationElement.createExecutableExtension(ConfigurationElement.java:243)
	at org.eclipse.core.internal.registry.ConfigurationElementHandle.createExecutableExtension(ConfigurationElementHandle.java:55)
	at org.eclipse.equinox.internal.app.EclipseAppHandle.run(EclipseAppHandle.java:191)
	at org.eclipse.core.runtime.internal.adaptor.EclipseAppLauncher.runApplication(EclipseAppLauncher.java:110)
	at org.eclipse.core.runtime.internal.adaptor.EclipseAppLauncher.start(EclipseAppLauncher.java:79)
	at org.eclipse.core.runtime.adaptor.EclipseStarter.run(EclipseStarter.java:354)
	at org.eclipse.core.runtime.adaptor.EclipseStarter.run(EclipseStarter.java:181)
	at sun.reflect.NativeMethodAccessorImpl.invoke0(Native Method)
	at sun.reflect.NativeMethodAccessorImpl.invoke(NativeMethodAccessorImpl.java:62)
	at sun.reflect.DelegatingMethodAccessorImpl.invoke(DelegatingMethodAccessorImpl.java:43)
	at java.lang.reflect.Method.invoke(Method.java:498)
	at org.eclipse.equinox.launcher.Main.invokeFramework(Main.java:636)
	at org.eclipse.equinox.launcher.Main.basicRun(Main.java:591)
	at org.eclipse.equinox.launcher.Main.run(Main.java:1450)
	at org.eclipse.equinox.launcher.Main.main(Main.java:1426)
	at org.eclipse.core.launcher.Main.main(Main.java:34)
Caused by: java.lang.ClassNotFoundException: org.apache.log.format.Formatter cannot be found by com.kony.thirdparty.jars_8.1.0.v201712111801
	at org.eclipse.osgi.internal.loader.BundleLoader.findClassInternal(BundleLoader.java:501)
	at org.eclipse.osgi.internal.loader.BundleLoader.findClass(BundleLoader.java:421)
	at org.eclipse.osgi.internal.loader.BundleLoader.findClass(BundleLoader.java:412)
	at org.eclipse.osgi.internal.baseadaptor.DefaultClassLoader.loadClass(DefaultClassLoader.java:107)
	at java.lang.ClassLoader.loadClass(ClassLoader.java:357)
	... 52 more
2018-07-16 17:22:28,097 - Trying to use logger class org.apache.velocity.runtime.log.Log4JLogChute
2018-07-16 17:22:28,097 - Using logger class org.apache.velocity.runtime.log.Log4JLogChute
2018-07-16 17:22:28,099 - Default ResourceManager initializing. (class org.apache.velocity.runtime.resource.ResourceManagerImpl)
2018-07-16 17:22:28,101 - ResourceLoader instantiated: org.apache.velocity.runtime.resource.loader.ClasspathResourceLoader
2018-07-16 17:22:28,125 - ResourceCache: initialized (class org.apache.velocity.runtime.resource.ResourceCacheImpl)
2018-07-16 17:22:28,125 - Loaded System Directive: org.apache.velocity.runtime.directive.Literal
2018-07-16 17:22:28,125 - Loaded System Directive: org.apache.velocity.runtime.directive.Macro
2018-07-16 17:22:28,130 - Loaded System Directive: org.apache.velocity.runtime.directive.Parse
2018-07-16 17:22:28,131 - Loaded System Directive: org.apache.velocity.runtime.directive.Include
2018-07-16 17:22:28,131 - Loaded System Directive: org.apache.velocity.runtime.directive.Foreach
2018-07-16 17:22:28,155 - Created '20' parsers.
2018-07-16 17:22:28,159 - Velocimacro : "velocimacro.library" is not set.  Trying default library: VM_global_library.vm
2018-07-16 17:22:28,201 - Velocimacro : Default library not found.
2018-07-16 17:22:28,201 - Velocimacro : allowInline = true : VMs can be defined inline in templates
2018-07-16 17:22:28,201 - Velocimacro : allowInlineToOverride = false : VMs defined inline may NOT replace previous VM definitions
2018-07-16 17:22:28,201 - Velocimacro : allowInlineLocal = false : VMs defined inline will be global in scope if allowed.
2018-07-16 17:22:28,201 - Velocimacro : autoload off : VM system will not automatically reload global library macros
2018-07-16 17:22:55,632 - Null reference [template 'templateParam', line 106, column 14] : $skip_porting cannot be resolved.
2018-07-16 17:22:56,153 - Null reference [template 'templateParam', line 106, column 14] : $skip_porting cannot be resolved.
2018-07-16 17:22:56,204 - Null reference [template 'templateParam', line 106, column 14] : $skip_porting cannot be resolved.
2018-07-16 17:23:03,530 - ResourceManager : found tpjsmiddlewareerror.vm with loader org.apache.velocity.runtime.resource.loader.ClasspathResourceLoader
2018-07-16 17:23:03,530 - ResourceManager : found tpjssessionerror.vm with loader org.apache.velocity.runtime.resource.loader.ClasspathResourceLoader
2018-07-16 17:23:03,530 - ResourceManager : found tpjsapperror.vm with loader org.apache.velocity.runtime.resource.loader.ClasspathResourceLoader
2018-07-16 17:23:03,546 - ResourceManager : found tpjsmiddlewareinvoker.vm with loader org.apache.velocity.runtime.resource.loader.ClasspathResourceLoader
2018-07-16 17:23:03,547 - Left side ($palmpre) of '==' operation has null value. If a reference, it may not be in the context. Operation not possible. tpjsmiddlewareinvoker.vm [line 93, column 20]
2018-07-16 17:23:03,548 - Left side ($palmpre) of '==' operation has null value. If a reference, it may not be in the context. Operation not possible. tpjsmiddlewareinvoker.vm [line 172, column 20]
2018-07-16 17:23:03,548 - Left side ($palmpre) of '==' operation has null value. If a reference, it may not be in the context. Operation not possible. tpjsmiddlewareinvoker.vm [line 255, column 20]
2018-07-16 17:23:03,548 - Left side ($palmpre) of '==' operation has null value. If a reference, it may not be in the context. Operation not possible. tpjsmiddlewareinvoker.vm [line 326, column 20]
2018-07-16 17:23:03,548 - Left side ($palmpre) of '==' operation has null value. If a reference, it may not be in the context. Operation not possible. tpjsmiddlewareinvoker.vm [line 395, column 20]
2018-07-16 17:23:03,549 - ResourceManager : found tpjscallfunc.vm with loader org.apache.velocity.runtime.resource.loader.ClasspathResourceLoader
2018-07-16 17:23:03,583 - ResourceManager : found tpjsstartup.vm with loader org.apache.velocity.runtime.resource.loader.ClasspathResourceLoader
2018-07-16 17:23:03,595 - ResourceManager : found tpjshybridstartupforspa.vm with loader org.apache.velocity.runtime.resource.loader.ClasspathResourceLoader
2018-07-16 17:23:03,626 - ResourceManager : found tpjswinmobilesequencecontainerglobals.vm with loader org.apache.velocity.runtime.resource.loader.ClasspathResourceLoader
2018-07-16 17:23:03,628 - ResourceManager : found tpjswinmobilesequence.vm with loader org.apache.velocity.runtime.resource.loader.ClasspathResourceLoader
2018-07-16 17:23:03,629 - ResourceManager : found tpjsappconfigfortc.vm with loader org.apache.velocity.runtime.resource.loader.ClasspathResourceLoader
2018-07-16 17:23:03,629 - ResourceManager : found customizederrorjsptemplate.vm with loader org.apache.velocity.runtime.resource.loader.ClasspathResourceLoader
2018-07-16 17:23:03,629 - ResourceManager : found tpspabasetemplateforjs.vm with loader org.apache.velocity.runtime.resource.loader.ClasspathResourceLoader
2018-07-16 17:23:03,629 - ResourceManager : found tpjsformglobalsforbb10.vm with loader org.apache.velocity.runtime.resource.loader.ClasspathResourceLoader
2018-07-16 18:36:20,398 - Log4JLogChute initialized using file 'velocity.log'
2018-07-16 18:36:20,433 - Starting Apache Velocity v1.5 (compiled: 2007-02-22 08:52:29)
2018-07-16 18:36:20,433 - Default Properties File: org\apache\velocity\runtime\defaults\velocity.properties
2018-07-16 18:36:20,433 - Trying to use logger class org.apache.velocity.runtime.log.AvalonLogChute
2018-07-16 18:36:20,434 - Couldn't find class org.apache.velocity.runtime.log.AvalonLogChute or necessary supporting classes in classpath.
java.lang.NoClassDefFoundError: org/apache/log/format/Formatter
	at java.lang.Class.forName0(Native Method)
	at java.lang.Class.forName(Class.java:348)
	at org.apache.velocity.util.ClassUtils.getClass(ClassUtils.java:63)
	at org.apache.velocity.util.ClassUtils.getNewInstance(ClassUtils.java:95)
	at org.apache.velocity.runtime.log.LogManager.createLogChute(LogManager.java:147)
	at org.apache.velocity.runtime.log.LogManager.updateLog(LogManager.java:208)
	at org.apache.velocity.runtime.RuntimeInstance.initializeLog(RuntimeInstance.java:728)
	at org.apache.velocity.runtime.RuntimeInstance.init(RuntimeInstance.java:240)
	at org.apache.velocity.runtime.RuntimeInstance.init(RuntimeInstance.java:534)
	at org.apache.velocity.runtime.RuntimeSingleton.init(RuntimeSingleton.java:227)
	at org.apache.velocity.app.Velocity.init(Velocity.java:111)
	at com.kony.tool.templateprovider.VelocityTemplateProvider.<clinit>(VelocityTemplateProvider.java:53)
	at com.pat.tool.keditor.KEditorPlugin.init(KEditorPlugin.java:1147)
	at com.pat.tool.keditor.KEditorPlugin.start(KEditorPlugin.java:645)
	at org.eclipse.osgi.framework.internal.core.BundleContextImpl$1.run(BundleContextImpl.java:711)
	at java.security.AccessController.doPrivileged(Native Method)
	at org.eclipse.osgi.framework.internal.core.BundleContextImpl.startActivator(BundleContextImpl.java:702)
	at org.eclipse.osgi.framework.internal.core.BundleContextImpl.start(BundleContextImpl.java:683)
	at org.eclipse.osgi.framework.internal.core.BundleHost.startWorker(BundleHost.java:381)
	at org.eclipse.osgi.framework.internal.core.AbstractBundle.start(AbstractBundle.java:300)
	at org.eclipse.osgi.framework.util.SecureAction.start(SecureAction.java:478)
	at org.eclipse.osgi.internal.loader.BundleLoader.setLazyTrigger(BundleLoader.java:263)
	at org.eclipse.core.runtime.internal.adaptor.EclipseLazyStarter.postFindLocalClass(EclipseLazyStarter.java:109)
	at org.eclipse.osgi.baseadaptor.loader.ClasspathManager.findLocalClass(ClasspathManager.java:469)
	at org.eclipse.osgi.internal.baseadaptor.DefaultClassLoader.findLocalClass(DefaultClassLoader.java:216)
	at org.eclipse.osgi.internal.loader.BundleLoader.findLocalClass(BundleLoader.java:395)
	at org.eclipse.osgi.internal.loader.BundleLoader.findClassInternal(BundleLoader.java:464)
	at org.eclipse.osgi.internal.loader.BundleLoader.findClass(BundleLoader.java:421)
	at org.eclipse.osgi.internal.loader.BundleLoader.findClass(BundleLoader.java:412)
	at org.eclipse.osgi.internal.baseadaptor.DefaultClassLoader.loadClass(DefaultClassLoader.java:107)
	at java.lang.ClassLoader.loadClass(ClassLoader.java:357)
	at org.eclipse.osgi.internal.loader.BundleLoader.loadClass(BundleLoader.java:340)
	at org.eclipse.osgi.framework.internal.core.BundleHost.loadClass(BundleHost.java:229)
	at org.eclipse.osgi.framework.internal.core.AbstractBundle.loadClass(AbstractBundle.java:1212)
	at org.eclipse.core.internal.registry.osgi.RegistryStrategyOSGI.createExecutableExtension(RegistryStrategyOSGI.java:174)
	at org.eclipse.core.internal.registry.ExtensionRegistry.createExecutableExtension(ExtensionRegistry.java:905)
	at org.eclipse.core.internal.registry.ConfigurationElement.createExecutableExtension(ConfigurationElement.java:243)
	at org.eclipse.core.internal.registry.ConfigurationElementHandle.createExecutableExtension(ConfigurationElementHandle.java:55)
	at org.eclipse.equinox.internal.app.EclipseAppHandle.run(EclipseAppHandle.java:191)
	at org.eclipse.core.runtime.internal.adaptor.EclipseAppLauncher.runApplication(EclipseAppLauncher.java:110)
	at org.eclipse.core.runtime.internal.adaptor.EclipseAppLauncher.start(EclipseAppLauncher.java:79)
	at org.eclipse.core.runtime.adaptor.EclipseStarter.run(EclipseStarter.java:354)
	at org.eclipse.core.runtime.adaptor.EclipseStarter.run(EclipseStarter.java:181)
	at sun.reflect.NativeMethodAccessorImpl.invoke0(Native Method)
	at sun.reflect.NativeMethodAccessorImpl.invoke(NativeMethodAccessorImpl.java:62)
	at sun.reflect.DelegatingMethodAccessorImpl.invoke(DelegatingMethodAccessorImpl.java:43)
	at java.lang.reflect.Method.invoke(Method.java:498)
	at org.eclipse.equinox.launcher.Main.invokeFramework(Main.java:636)
	at org.eclipse.equinox.launcher.Main.basicRun(Main.java:591)
	at org.eclipse.equinox.launcher.Main.run(Main.java:1450)
	at org.eclipse.equinox.launcher.Main.main(Main.java:1426)
	at org.eclipse.core.launcher.Main.main(Main.java:34)
Caused by: java.lang.ClassNotFoundException: org.apache.log.format.Formatter cannot be found by com.kony.thirdparty.jars_8.1.0.v201712111801
	at org.eclipse.osgi.internal.loader.BundleLoader.findClassInternal(BundleLoader.java:501)
	at org.eclipse.osgi.internal.loader.BundleLoader.findClass(BundleLoader.java:421)
	at org.eclipse.osgi.internal.loader.BundleLoader.findClass(BundleLoader.java:412)
	at org.eclipse.osgi.internal.baseadaptor.DefaultClassLoader.loadClass(DefaultClassLoader.java:107)
	at java.lang.ClassLoader.loadClass(ClassLoader.java:357)
	... 52 more
2018-07-16 18:36:20,465 - Trying to use logger class org.apache.velocity.runtime.log.Log4JLogChute
2018-07-16 18:36:20,465 - Using logger class org.apache.velocity.runtime.log.Log4JLogChute
2018-07-16 18:36:20,478 - Default ResourceManager initializing. (class org.apache.velocity.runtime.resource.ResourceManagerImpl)
2018-07-16 18:36:20,480 - ResourceLoader instantiated: org.apache.velocity.runtime.resource.loader.ClasspathResourceLoader
2018-07-16 18:36:20,529 - ResourceCache: initialized (class org.apache.velocity.runtime.resource.ResourceCacheImpl)
2018-07-16 18:36:20,530 - Loaded System Directive: org.apache.velocity.runtime.directive.Literal
2018-07-16 18:36:20,531 - Loaded System Directive: org.apache.velocity.runtime.directive.Macro
2018-07-16 18:36:20,532 - Loaded System Directive: org.apache.velocity.runtime.directive.Parse
2018-07-16 18:36:20,534 - Loaded System Directive: org.apache.velocity.runtime.directive.Include
2018-07-16 18:36:20,534 - Loaded System Directive: org.apache.velocity.runtime.directive.Foreach
2018-07-16 18:36:20,560 - Created '20' parsers.
2018-07-16 18:36:20,564 - Velocimacro : "velocimacro.library" is not set.  Trying default library: VM_global_library.vm
2018-07-16 18:36:20,622 - Velocimacro : Default library not found.
2018-07-16 18:36:20,622 - Velocimacro : allowInline = true : VMs can be defined inline in templates
2018-07-16 18:36:20,622 - Velocimacro : allowInlineToOverride = false : VMs defined inline may NOT replace previous VM definitions
2018-07-16 18:36:20,622 - Velocimacro : allowInlineLocal = false : VMs defined inline will be global in scope if allowed.
2018-07-16 18:36:20,623 - Velocimacro : autoload off : VM system will not automatically reload global library macros
2018-07-16 18:36:52,113 - Null reference [template 'templateParam', line 106, column 14] : $skip_porting cannot be resolved.
2018-07-16 18:36:52,748 - Null reference [template 'templateParam', line 106, column 14] : $skip_porting cannot be resolved.
2018-07-16 18:36:52,822 - Null reference [template 'templateParam', line 106, column 14] : $skip_porting cannot be resolved.
2018-07-16 18:37:01,127 - ResourceManager : found tpjsmiddlewareerror.vm with loader org.apache.velocity.runtime.resource.loader.ClasspathResourceLoader
2018-07-16 18:37:01,127 - ResourceManager : found tpjssessionerror.vm with loader org.apache.velocity.runtime.resource.loader.ClasspathResourceLoader
2018-07-16 18:37:01,128 - ResourceManager : found tpjsapperror.vm with loader org.apache.velocity.runtime.resource.loader.ClasspathResourceLoader
2018-07-16 18:37:01,145 - ResourceManager : found tpjsmiddlewareinvoker.vm with loader org.apache.velocity.runtime.resource.loader.ClasspathResourceLoader
2018-07-16 18:37:01,146 - Left side ($palmpre) of '==' operation has null value. If a reference, it may not be in the context. Operation not possible. tpjsmiddlewareinvoker.vm [line 93, column 20]
2018-07-16 18:37:01,146 - Left side ($palmpre) of '==' operation has null value. If a reference, it may not be in the context. Operation not possible. tpjsmiddlewareinvoker.vm [line 172, column 20]
2018-07-16 18:37:01,146 - Left side ($palmpre) of '==' operation has null value. If a reference, it may not be in the context. Operation not possible. tpjsmiddlewareinvoker.vm [line 255, column 20]
2018-07-16 18:37:01,146 - Left side ($palmpre) of '==' operation has null value. If a reference, it may not be in the context. Operation not possible. tpjsmiddlewareinvoker.vm [line 326, column 20]
2018-07-16 18:37:01,147 - Left side ($palmpre) of '==' operation has null value. If a reference, it may not be in the context. Operation not possible. tpjsmiddlewareinvoker.vm [line 395, column 20]
2018-07-16 18:37:01,147 - ResourceManager : found tpjscallfunc.vm with loader org.apache.velocity.runtime.resource.loader.ClasspathResourceLoader
2018-07-16 18:37:01,192 - ResourceManager : found tpjsstartup.vm with loader org.apache.velocity.runtime.resource.loader.ClasspathResourceLoader
2018-07-16 18:37:01,200 - ResourceManager : found tpjshybridstartupforspa.vm with loader org.apache.velocity.runtime.resource.loader.ClasspathResourceLoader
2018-07-16 18:37:01,244 - ResourceManager : found tpjswinmobilesequencecontainerglobals.vm with loader org.apache.velocity.runtime.resource.loader.ClasspathResourceLoader
2018-07-16 18:37:01,246 - ResourceManager : found tpjswinmobilesequence.vm with loader org.apache.velocity.runtime.resource.loader.ClasspathResourceLoader
2018-07-16 18:37:01,249 - ResourceManager : found tpjsappconfigfortc.vm with loader org.apache.velocity.runtime.resource.loader.ClasspathResourceLoader
2018-07-16 18:37:01,251 - ResourceManager : found customizederrorjsptemplate.vm with loader org.apache.velocity.runtime.resource.loader.ClasspathResourceLoader
2018-07-16 18:37:01,253 - ResourceManager : found tpspabasetemplateforjs.vm with loader org.apache.velocity.runtime.resource.loader.ClasspathResourceLoader
2018-07-16 18:37:01,258 - ResourceManager : found tpjsformglobalsforbb10.vm with loader org.apache.velocity.runtime.resource.loader.ClasspathResourceLoader
2018-07-16 19:05:20,419 - Log4JLogChute initialized using file 'velocity.log'
2018-07-16 19:05:20,420 - Starting Apache Velocity v1.5 (compiled: 2007-02-22 08:52:29)
2018-07-16 19:05:20,420 - Default Properties File: org\apache\velocity\runtime\defaults\velocity.properties
2018-07-16 19:05:20,420 - Trying to use logger class org.apache.velocity.runtime.log.AvalonLogChute
2018-07-16 19:05:20,420 - Couldn't find class org.apache.velocity.runtime.log.AvalonLogChute or necessary supporting classes in classpath.
java.lang.NoClassDefFoundError: org/apache/log/format/Formatter
	at java.lang.Class.forName0(Native Method)
	at java.lang.Class.forName(Class.java:348)
	at org.apache.velocity.util.ClassUtils.getClass(ClassUtils.java:63)
	at org.apache.velocity.util.ClassUtils.getNewInstance(ClassUtils.java:95)
	at org.apache.velocity.runtime.log.LogManager.createLogChute(LogManager.java:147)
	at org.apache.velocity.runtime.log.LogManager.updateLog(LogManager.java:208)
	at org.apache.velocity.runtime.RuntimeInstance.initializeLog(RuntimeInstance.java:728)
	at org.apache.velocity.runtime.RuntimeInstance.init(RuntimeInstance.java:240)
	at org.apache.velocity.runtime.RuntimeInstance.init(RuntimeInstance.java:534)
	at org.apache.velocity.runtime.RuntimeSingleton.init(RuntimeSingleton.java:227)
	at org.apache.velocity.app.Velocity.init(Velocity.java:111)
	at com.kony.tool.templateprovider.VelocityTemplateProvider.<clinit>(VelocityTemplateProvider.java:53)
	at com.pat.tool.keditor.KEditorPlugin.init(KEditorPlugin.java:1147)
	at com.pat.tool.keditor.KEditorPlugin.start(KEditorPlugin.java:645)
	at org.eclipse.osgi.framework.internal.core.BundleContextImpl$1.run(BundleContextImpl.java:711)
	at java.security.AccessController.doPrivileged(Native Method)
	at org.eclipse.osgi.framework.internal.core.BundleContextImpl.startActivator(BundleContextImpl.java:702)
	at org.eclipse.osgi.framework.internal.core.BundleContextImpl.start(BundleContextImpl.java:683)
	at org.eclipse.osgi.framework.internal.core.BundleHost.startWorker(BundleHost.java:381)
	at org.eclipse.osgi.framework.internal.core.AbstractBundle.start(AbstractBundle.java:300)
	at org.eclipse.osgi.framework.util.SecureAction.start(SecureAction.java:478)
	at org.eclipse.osgi.internal.loader.BundleLoader.setLazyTrigger(BundleLoader.java:263)
	at org.eclipse.core.runtime.internal.adaptor.EclipseLazyStarter.postFindLocalClass(EclipseLazyStarter.java:109)
	at org.eclipse.osgi.baseadaptor.loader.ClasspathManager.findLocalClass(ClasspathManager.java:469)
	at org.eclipse.osgi.internal.baseadaptor.DefaultClassLoader.findLocalClass(DefaultClassLoader.java:216)
	at org.eclipse.osgi.internal.loader.BundleLoader.findLocalClass(BundleLoader.java:395)
	at org.eclipse.osgi.internal.loader.BundleLoader.findClassInternal(BundleLoader.java:464)
	at org.eclipse.osgi.internal.loader.BundleLoader.findClass(BundleLoader.java:421)
	at org.eclipse.osgi.internal.loader.BundleLoader.findClass(BundleLoader.java:412)
	at org.eclipse.osgi.internal.baseadaptor.DefaultClassLoader.loadClass(DefaultClassLoader.java:107)
	at java.lang.ClassLoader.loadClass(ClassLoader.java:357)
	at org.eclipse.osgi.internal.loader.BundleLoader.loadClass(BundleLoader.java:340)
	at org.eclipse.osgi.framework.internal.core.BundleHost.loadClass(BundleHost.java:229)
	at org.eclipse.osgi.framework.internal.core.AbstractBundle.loadClass(AbstractBundle.java:1212)
	at org.eclipse.core.internal.registry.osgi.RegistryStrategyOSGI.createExecutableExtension(RegistryStrategyOSGI.java:174)
	at org.eclipse.core.internal.registry.ExtensionRegistry.createExecutableExtension(ExtensionRegistry.java:905)
	at org.eclipse.core.internal.registry.ConfigurationElement.createExecutableExtension(ConfigurationElement.java:243)
	at org.eclipse.core.internal.registry.ConfigurationElementHandle.createExecutableExtension(ConfigurationElementHandle.java:55)
	at org.eclipse.equinox.internal.app.EclipseAppHandle.run(EclipseAppHandle.java:191)
	at org.eclipse.core.runtime.internal.adaptor.EclipseAppLauncher.runApplication(EclipseAppLauncher.java:110)
	at org.eclipse.core.runtime.internal.adaptor.EclipseAppLauncher.start(EclipseAppLauncher.java:79)
	at org.eclipse.core.runtime.adaptor.EclipseStarter.run(EclipseStarter.java:354)
	at org.eclipse.core.runtime.adaptor.EclipseStarter.run(EclipseStarter.java:181)
	at sun.reflect.NativeMethodAccessorImpl.invoke0(Native Method)
	at sun.reflect.NativeMethodAccessorImpl.invoke(NativeMethodAccessorImpl.java:62)
	at sun.reflect.DelegatingMethodAccessorImpl.invoke(DelegatingMethodAccessorImpl.java:43)
	at java.lang.reflect.Method.invoke(Method.java:498)
	at org.eclipse.equinox.launcher.Main.invokeFramework(Main.java:636)
	at org.eclipse.equinox.launcher.Main.basicRun(Main.java:591)
	at org.eclipse.equinox.launcher.Main.run(Main.java:1450)
	at org.eclipse.equinox.launcher.Main.main(Main.java:1426)
	at org.eclipse.core.launcher.Main.main(Main.java:34)
Caused by: java.lang.ClassNotFoundException: org.apache.log.format.Formatter cannot be found by com.kony.thirdparty.jars_8.1.0.v201712111801
	at org.eclipse.osgi.internal.loader.BundleLoader.findClassInternal(BundleLoader.java:501)
	at org.eclipse.osgi.internal.loader.BundleLoader.findClass(BundleLoader.java:421)
	at org.eclipse.osgi.internal.loader.BundleLoader.findClass(BundleLoader.java:412)
	at org.eclipse.osgi.internal.baseadaptor.DefaultClassLoader.loadClass(DefaultClassLoader.java:107)
	at java.lang.ClassLoader.loadClass(ClassLoader.java:357)
	... 52 more
2018-07-16 19:05:20,422 - Trying to use logger class org.apache.velocity.runtime.log.Log4JLogChute
2018-07-16 19:05:20,422 - Using logger class org.apache.velocity.runtime.log.Log4JLogChute
2018-07-16 19:05:20,424 - Default ResourceManager initializing. (class org.apache.velocity.runtime.resource.ResourceManagerImpl)
2018-07-16 19:05:20,426 - ResourceLoader instantiated: org.apache.velocity.runtime.resource.loader.ClasspathResourceLoader
2018-07-16 19:05:20,432 - ResourceCache: initialized (class org.apache.velocity.runtime.resource.ResourceCacheImpl)
2018-07-16 19:05:20,434 - Loaded System Directive: org.apache.velocity.runtime.directive.Literal
2018-07-16 19:05:20,435 - Loaded System Directive: org.apache.velocity.runtime.directive.Macro
2018-07-16 19:05:20,435 - Loaded System Directive: org.apache.velocity.runtime.directive.Parse
2018-07-16 19:05:20,436 - Loaded System Directive: org.apache.velocity.runtime.directive.Include
2018-07-16 19:05:20,437 - Loaded System Directive: org.apache.velocity.runtime.directive.Foreach
2018-07-16 19:05:20,458 - Created '20' parsers.
2018-07-16 19:05:20,461 - Velocimacro : "velocimacro.library" is not set.  Trying default library: VM_global_library.vm
2018-07-16 19:05:20,509 - Velocimacro : Default library not found.
2018-07-16 19:05:20,509 - Velocimacro : allowInline = true : VMs can be defined inline in templates
2018-07-16 19:05:20,509 - Velocimacro : allowInlineToOverride = false : VMs defined inline may NOT replace previous VM definitions
2018-07-16 19:05:20,509 - Velocimacro : allowInlineLocal = false : VMs defined inline will be global in scope if allowed.
2018-07-16 19:05:20,509 - Velocimacro : autoload off : VM system will not automatically reload global library macros
2018-07-16 19:05:44,758 - Null reference [template 'templateParam', line 106, column 14] : $skip_porting cannot be resolved.
2018-07-16 19:05:45,165 - Null reference [template 'templateParam', line 106, column 14] : $skip_porting cannot be resolved.
2018-07-16 19:05:45,270 - Null reference [template 'templateParam', line 106, column 14] : $skip_porting cannot be resolved.
2018-07-16 19:05:52,911 - ResourceManager : found tpjsmiddlewareerror.vm with loader org.apache.velocity.runtime.resource.loader.ClasspathResourceLoader
2018-07-16 19:05:52,912 - ResourceManager : found tpjssessionerror.vm with loader org.apache.velocity.runtime.resource.loader.ClasspathResourceLoader
2018-07-16 19:05:52,913 - ResourceManager : found tpjsapperror.vm with loader org.apache.velocity.runtime.resource.loader.ClasspathResourceLoader
2018-07-16 19:05:52,927 - ResourceManager : found tpjsmiddlewareinvoker.vm with loader org.apache.velocity.runtime.resource.loader.ClasspathResourceLoader
2018-07-16 19:05:52,928 - Left side ($palmpre) of '==' operation has null value. If a reference, it may not be in the context. Operation not possible. tpjsmiddlewareinvoker.vm [line 93, column 20]
2018-07-16 19:05:52,928 - Left side ($palmpre) of '==' operation has null value. If a reference, it may not be in the context. Operation not possible. tpjsmiddlewareinvoker.vm [line 172, column 20]
2018-07-16 19:05:52,928 - Left side ($palmpre) of '==' operation has null value. If a reference, it may not be in the context. Operation not possible. tpjsmiddlewareinvoker.vm [line 255, column 20]
2018-07-16 19:05:52,928 - Left side ($palmpre) of '==' operation has null value. If a reference, it may not be in the context. Operation not possible. tpjsmiddlewareinvoker.vm [line 326, column 20]
2018-07-16 19:05:52,928 - Left side ($palmpre) of '==' operation has null value. If a reference, it may not be in the context. Operation not possible. tpjsmiddlewareinvoker.vm [line 395, column 20]
2018-07-16 19:05:52,929 - ResourceManager : found tpjscallfunc.vm with loader org.apache.velocity.runtime.resource.loader.ClasspathResourceLoader
2018-07-16 19:05:52,995 - ResourceManager : found tpjsstartup.vm with loader org.apache.velocity.runtime.resource.loader.ClasspathResourceLoader
2018-07-16 19:05:53,007 - ResourceManager : found tpjshybridstartupforspa.vm with loader org.apache.velocity.runtime.resource.loader.ClasspathResourceLoader
2018-07-16 19:05:53,020 - ResourceManager : found tpjswinmobilesequencecontainerglobals.vm with loader org.apache.velocity.runtime.resource.loader.ClasspathResourceLoader
2018-07-16 19:05:53,022 - ResourceManager : found tpjswinmobilesequence.vm with loader org.apache.velocity.runtime.resource.loader.ClasspathResourceLoader
2018-07-16 19:05:53,025 - ResourceManager : found tpjsappconfigfortc.vm with loader org.apache.velocity.runtime.resource.loader.ClasspathResourceLoader
2018-07-16 19:05:53,027 - ResourceManager : found customizederrorjsptemplate.vm with loader org.apache.velocity.runtime.resource.loader.ClasspathResourceLoader
2018-07-16 19:05:53,028 - ResourceManager : found tpspabasetemplateforjs.vm with loader org.apache.velocity.runtime.resource.loader.ClasspathResourceLoader
2018-07-16 19:05:53,030 - ResourceManager : found tpjsformglobalsforbb10.vm with loader org.apache.velocity.runtime.resource.loader.ClasspathResourceLoader
2018-07-16 19:10:10,400 - Log4JLogChute initialized using file 'velocity.log'
2018-07-16 19:10:10,401 - Starting Apache Velocity v1.5 (compiled: 2007-02-22 08:52:29)
2018-07-16 19:10:10,401 - Default Properties File: org\apache\velocity\runtime\defaults\velocity.properties
2018-07-16 19:10:10,401 - Trying to use logger class org.apache.velocity.runtime.log.AvalonLogChute
2018-07-16 19:10:10,401 - Couldn't find class org.apache.velocity.runtime.log.AvalonLogChute or necessary supporting classes in classpath.
java.lang.NoClassDefFoundError: org/apache/log/format/Formatter
	at java.lang.Class.forName0(Native Method)
	at java.lang.Class.forName(Class.java:348)
	at org.apache.velocity.util.ClassUtils.getClass(ClassUtils.java:63)
	at org.apache.velocity.util.ClassUtils.getNewInstance(ClassUtils.java:95)
	at org.apache.velocity.runtime.log.LogManager.createLogChute(LogManager.java:147)
	at org.apache.velocity.runtime.log.LogManager.updateLog(LogManager.java:208)
	at org.apache.velocity.runtime.RuntimeInstance.initializeLog(RuntimeInstance.java:728)
	at org.apache.velocity.runtime.RuntimeInstance.init(RuntimeInstance.java:240)
	at org.apache.velocity.runtime.RuntimeInstance.init(RuntimeInstance.java:534)
	at org.apache.velocity.runtime.RuntimeSingleton.init(RuntimeSingleton.java:227)
	at org.apache.velocity.app.Velocity.init(Velocity.java:111)
	at com.kony.tool.templateprovider.VelocityTemplateProvider.<clinit>(VelocityTemplateProvider.java:53)
	at com.pat.tool.keditor.KEditorPlugin.init(KEditorPlugin.java:1147)
	at com.pat.tool.keditor.KEditorPlugin.start(KEditorPlugin.java:645)
	at org.eclipse.osgi.framework.internal.core.BundleContextImpl$1.run(BundleContextImpl.java:711)
	at java.security.AccessController.doPrivileged(Native Method)
	at org.eclipse.osgi.framework.internal.core.BundleContextImpl.startActivator(BundleContextImpl.java:702)
	at org.eclipse.osgi.framework.internal.core.BundleContextImpl.start(BundleContextImpl.java:683)
	at org.eclipse.osgi.framework.internal.core.BundleHost.startWorker(BundleHost.java:381)
	at org.eclipse.osgi.framework.internal.core.AbstractBundle.start(AbstractBundle.java:300)
	at org.eclipse.osgi.framework.util.SecureAction.start(SecureAction.java:478)
	at org.eclipse.osgi.internal.loader.BundleLoader.setLazyTrigger(BundleLoader.java:263)
	at org.eclipse.core.runtime.internal.adaptor.EclipseLazyStarter.postFindLocalClass(EclipseLazyStarter.java:109)
	at org.eclipse.osgi.baseadaptor.loader.ClasspathManager.findLocalClass(ClasspathManager.java:469)
	at org.eclipse.osgi.internal.baseadaptor.DefaultClassLoader.findLocalClass(DefaultClassLoader.java:216)
	at org.eclipse.osgi.internal.loader.BundleLoader.findLocalClass(BundleLoader.java:395)
	at org.eclipse.osgi.internal.loader.BundleLoader.findClassInternal(BundleLoader.java:464)
	at org.eclipse.osgi.internal.loader.BundleLoader.findClass(BundleLoader.java:421)
	at org.eclipse.osgi.internal.loader.BundleLoader.findClass(BundleLoader.java:412)
	at org.eclipse.osgi.internal.baseadaptor.DefaultClassLoader.loadClass(DefaultClassLoader.java:107)
	at java.lang.ClassLoader.loadClass(ClassLoader.java:357)
	at org.eclipse.osgi.internal.loader.BundleLoader.loadClass(BundleLoader.java:340)
	at org.eclipse.osgi.framework.internal.core.BundleHost.loadClass(BundleHost.java:229)
	at org.eclipse.osgi.framework.internal.core.AbstractBundle.loadClass(AbstractBundle.java:1212)
	at org.eclipse.core.internal.registry.osgi.RegistryStrategyOSGI.createExecutableExtension(RegistryStrategyOSGI.java:174)
	at org.eclipse.core.internal.registry.ExtensionRegistry.createExecutableExtension(ExtensionRegistry.java:905)
	at org.eclipse.core.internal.registry.ConfigurationElement.createExecutableExtension(ConfigurationElement.java:243)
	at org.eclipse.core.internal.registry.ConfigurationElementHandle.createExecutableExtension(ConfigurationElementHandle.java:55)
	at org.eclipse.equinox.internal.app.EclipseAppHandle.run(EclipseAppHandle.java:191)
	at org.eclipse.core.runtime.internal.adaptor.EclipseAppLauncher.runApplication(EclipseAppLauncher.java:110)
	at org.eclipse.core.runtime.internal.adaptor.EclipseAppLauncher.start(EclipseAppLauncher.java:79)
	at org.eclipse.core.runtime.adaptor.EclipseStarter.run(EclipseStarter.java:354)
	at org.eclipse.core.runtime.adaptor.EclipseStarter.run(EclipseStarter.java:181)
	at sun.reflect.NativeMethodAccessorImpl.invoke0(Native Method)
	at sun.reflect.NativeMethodAccessorImpl.invoke(NativeMethodAccessorImpl.java:62)
	at sun.reflect.DelegatingMethodAccessorImpl.invoke(DelegatingMethodAccessorImpl.java:43)
	at java.lang.reflect.Method.invoke(Method.java:498)
	at org.eclipse.equinox.launcher.Main.invokeFramework(Main.java:636)
	at org.eclipse.equinox.launcher.Main.basicRun(Main.java:591)
	at org.eclipse.equinox.launcher.Main.run(Main.java:1450)
	at org.eclipse.equinox.launcher.Main.main(Main.java:1426)
	at org.eclipse.core.launcher.Main.main(Main.java:34)
Caused by: java.lang.ClassNotFoundException: org.apache.log.format.Formatter cannot be found by com.kony.thirdparty.jars_8.1.0.v201712111801
	at org.eclipse.osgi.internal.loader.BundleLoader.findClassInternal(BundleLoader.java:501)
	at org.eclipse.osgi.internal.loader.BundleLoader.findClass(BundleLoader.java:421)
	at org.eclipse.osgi.internal.loader.BundleLoader.findClass(BundleLoader.java:412)
	at org.eclipse.osgi.internal.baseadaptor.DefaultClassLoader.loadClass(DefaultClassLoader.java:107)
	at java.lang.ClassLoader.loadClass(ClassLoader.java:357)
	... 52 more
2018-07-16 19:10:10,403 - Trying to use logger class org.apache.velocity.runtime.log.Log4JLogChute
2018-07-16 19:10:10,403 - Using logger class org.apache.velocity.runtime.log.Log4JLogChute
2018-07-16 19:10:10,405 - Default ResourceManager initializing. (class org.apache.velocity.runtime.resource.ResourceManagerImpl)
2018-07-16 19:10:10,407 - ResourceLoader instantiated: org.apache.velocity.runtime.resource.loader.ClasspathResourceLoader
2018-07-16 19:10:10,417 - ResourceCache: initialized (class org.apache.velocity.runtime.resource.ResourceCacheImpl)
2018-07-16 19:10:10,417 - Loaded System Directive: org.apache.velocity.runtime.directive.Literal
2018-07-16 19:10:10,418 - Loaded System Directive: org.apache.velocity.runtime.directive.Macro
2018-07-16 19:10:10,419 - Loaded System Directive: org.apache.velocity.runtime.directive.Parse
2018-07-16 19:10:10,420 - Loaded System Directive: org.apache.velocity.runtime.directive.Include
2018-07-16 19:10:10,421 - Loaded System Directive: org.apache.velocity.runtime.directive.Foreach
2018-07-16 19:10:10,439 - Created '20' parsers.
2018-07-16 19:10:10,442 - Velocimacro : "velocimacro.library" is not set.  Trying default library: VM_global_library.vm
2018-07-16 19:10:10,487 - Velocimacro : Default library not found.
2018-07-16 19:10:10,487 - Velocimacro : allowInline = true : VMs can be defined inline in templates
2018-07-16 19:10:10,487 - Velocimacro : allowInlineToOverride = false : VMs defined inline may NOT replace previous VM definitions
2018-07-16 19:10:10,487 - Velocimacro : allowInlineLocal = false : VMs defined inline will be global in scope if allowed.
2018-07-16 19:10:10,487 - Velocimacro : autoload off : VM system will not automatically reload global library macros
2018-07-16 19:10:36,170 - Null reference [template 'templateParam', line 106, column 14] : $skip_porting cannot be resolved.
2018-07-16 19:10:36,558 - Null reference [template 'templateParam', line 106, column 14] : $skip_porting cannot be resolved.
2018-07-16 19:10:36,598 - Null reference [template 'templateParam', line 106, column 14] : $skip_porting cannot be resolved.
2018-07-16 19:10:43,904 - ResourceManager : found tpjsmiddlewareerror.vm with loader org.apache.velocity.runtime.resource.loader.ClasspathResourceLoader
2018-07-16 19:10:43,905 - ResourceManager : found tpjssessionerror.vm with loader org.apache.velocity.runtime.resource.loader.ClasspathResourceLoader
2018-07-16 19:10:43,905 - ResourceManager : found tpjsapperror.vm with loader org.apache.velocity.runtime.resource.loader.ClasspathResourceLoader
2018-07-16 19:10:43,924 - ResourceManager : found tpjsmiddlewareinvoker.vm with loader org.apache.velocity.runtime.resource.loader.ClasspathResourceLoader
2018-07-16 19:10:43,925 - Left side ($palmpre) of '==' operation has null value. If a reference, it may not be in the context. Operation not possible. tpjsmiddlewareinvoker.vm [line 93, column 20]
2018-07-16 19:10:43,925 - Left side ($palmpre) of '==' operation has null value. If a reference, it may not be in the context. Operation not possible. tpjsmiddlewareinvoker.vm [line 172, column 20]
2018-07-16 19:10:43,925 - Left side ($palmpre) of '==' operation has null value. If a reference, it may not be in the context. Operation not possible. tpjsmiddlewareinvoker.vm [line 255, column 20]
2018-07-16 19:10:43,925 - Left side ($palmpre) of '==' operation has null value. If a reference, it may not be in the context. Operation not possible. tpjsmiddlewareinvoker.vm [line 326, column 20]
2018-07-16 19:10:43,926 - Left side ($palmpre) of '==' operation has null value. If a reference, it may not be in the context. Operation not possible. tpjsmiddlewareinvoker.vm [line 395, column 20]
2018-07-16 19:10:43,926 - ResourceManager : found tpjscallfunc.vm with loader org.apache.velocity.runtime.resource.loader.ClasspathResourceLoader
2018-07-16 19:10:43,966 - ResourceManager : found tpjsstartup.vm with loader org.apache.velocity.runtime.resource.loader.ClasspathResourceLoader
2018-07-16 19:10:43,976 - ResourceManager : found tpjshybridstartupforspa.vm with loader org.apache.velocity.runtime.resource.loader.ClasspathResourceLoader
2018-07-16 19:10:43,994 - ResourceManager : found tpjswinmobilesequencecontainerglobals.vm with loader org.apache.velocity.runtime.resource.loader.ClasspathResourceLoader
2018-07-16 19:10:43,996 - ResourceManager : found tpjswinmobilesequence.vm with loader org.apache.velocity.runtime.resource.loader.ClasspathResourceLoader
2018-07-16 19:10:43,999 - ResourceManager : found tpjsappconfigfortc.vm with loader org.apache.velocity.runtime.resource.loader.ClasspathResourceLoader
2018-07-16 19:10:44,002 - ResourceManager : found customizederrorjsptemplate.vm with loader org.apache.velocity.runtime.resource.loader.ClasspathResourceLoader
2018-07-16 19:10:44,004 - ResourceManager : found tpspabasetemplateforjs.vm with loader org.apache.velocity.runtime.resource.loader.ClasspathResourceLoader
2018-07-16 19:10:44,005 - ResourceManager : found tpjsformglobalsforbb10.vm with loader org.apache.velocity.runtime.resource.loader.ClasspathResourceLoader
2018-07-16 19:14:28,671 - Log4JLogChute initialized using file 'velocity.log'
2018-07-16 19:14:28,671 - Starting Apache Velocity v1.5 (compiled: 2007-02-22 08:52:29)
2018-07-16 19:14:28,671 - Default Properties File: org\apache\velocity\runtime\defaults\velocity.properties
2018-07-16 19:14:28,671 - Trying to use logger class org.apache.velocity.runtime.log.AvalonLogChute
2018-07-16 19:14:28,671 - Couldn't find class org.apache.velocity.runtime.log.AvalonLogChute or necessary supporting classes in classpath.
java.lang.NoClassDefFoundError: org/apache/log/format/Formatter
	at java.lang.Class.forName0(Native Method)
	at java.lang.Class.forName(Class.java:348)
	at org.apache.velocity.util.ClassUtils.getClass(ClassUtils.java:63)
	at org.apache.velocity.util.ClassUtils.getNewInstance(ClassUtils.java:95)
	at org.apache.velocity.runtime.log.LogManager.createLogChute(LogManager.java:147)
	at org.apache.velocity.runtime.log.LogManager.updateLog(LogManager.java:208)
	at org.apache.velocity.runtime.RuntimeInstance.initializeLog(RuntimeInstance.java:728)
	at org.apache.velocity.runtime.RuntimeInstance.init(RuntimeInstance.java:240)
	at org.apache.velocity.runtime.RuntimeInstance.init(RuntimeInstance.java:534)
	at org.apache.velocity.runtime.RuntimeSingleton.init(RuntimeSingleton.java:227)
	at org.apache.velocity.app.Velocity.init(Velocity.java:111)
	at com.kony.tool.templateprovider.VelocityTemplateProvider.<clinit>(VelocityTemplateProvider.java:53)
	at com.pat.tool.keditor.KEditorPlugin.init(KEditorPlugin.java:1147)
	at com.pat.tool.keditor.KEditorPlugin.start(KEditorPlugin.java:645)
	at org.eclipse.osgi.framework.internal.core.BundleContextImpl$1.run(BundleContextImpl.java:711)
	at java.security.AccessController.doPrivileged(Native Method)
	at org.eclipse.osgi.framework.internal.core.BundleContextImpl.startActivator(BundleContextImpl.java:702)
	at org.eclipse.osgi.framework.internal.core.BundleContextImpl.start(BundleContextImpl.java:683)
	at org.eclipse.osgi.framework.internal.core.BundleHost.startWorker(BundleHost.java:381)
	at org.eclipse.osgi.framework.internal.core.AbstractBundle.start(AbstractBundle.java:300)
	at org.eclipse.osgi.framework.util.SecureAction.start(SecureAction.java:478)
	at org.eclipse.osgi.internal.loader.BundleLoader.setLazyTrigger(BundleLoader.java:263)
	at org.eclipse.core.runtime.internal.adaptor.EclipseLazyStarter.postFindLocalClass(EclipseLazyStarter.java:109)
	at org.eclipse.osgi.baseadaptor.loader.ClasspathManager.findLocalClass(ClasspathManager.java:469)
	at org.eclipse.osgi.internal.baseadaptor.DefaultClassLoader.findLocalClass(DefaultClassLoader.java:216)
	at org.eclipse.osgi.internal.loader.BundleLoader.findLocalClass(BundleLoader.java:395)
	at org.eclipse.osgi.internal.loader.BundleLoader.findClassInternal(BundleLoader.java:464)
	at org.eclipse.osgi.internal.loader.BundleLoader.findClass(BundleLoader.java:421)
	at org.eclipse.osgi.internal.loader.BundleLoader.findClass(BundleLoader.java:412)
	at org.eclipse.osgi.internal.baseadaptor.DefaultClassLoader.loadClass(DefaultClassLoader.java:107)
	at java.lang.ClassLoader.loadClass(ClassLoader.java:357)
	at org.eclipse.osgi.internal.loader.BundleLoader.loadClass(BundleLoader.java:340)
	at org.eclipse.osgi.framework.internal.core.BundleHost.loadClass(BundleHost.java:229)
	at org.eclipse.osgi.framework.internal.core.AbstractBundle.loadClass(AbstractBundle.java:1212)
	at org.eclipse.core.internal.registry.osgi.RegistryStrategyOSGI.createExecutableExtension(RegistryStrategyOSGI.java:174)
	at org.eclipse.core.internal.registry.ExtensionRegistry.createExecutableExtension(ExtensionRegistry.java:905)
	at org.eclipse.core.internal.registry.ConfigurationElement.createExecutableExtension(ConfigurationElement.java:243)
	at org.eclipse.core.internal.registry.ConfigurationElementHandle.createExecutableExtension(ConfigurationElementHandle.java:55)
	at org.eclipse.equinox.internal.app.EclipseAppHandle.run(EclipseAppHandle.java:191)
	at org.eclipse.core.runtime.internal.adaptor.EclipseAppLauncher.runApplication(EclipseAppLauncher.java:110)
	at org.eclipse.core.runtime.internal.adaptor.EclipseAppLauncher.start(EclipseAppLauncher.java:79)
	at org.eclipse.core.runtime.adaptor.EclipseStarter.run(EclipseStarter.java:354)
	at org.eclipse.core.runtime.adaptor.EclipseStarter.run(EclipseStarter.java:181)
	at sun.reflect.NativeMethodAccessorImpl.invoke0(Native Method)
	at sun.reflect.NativeMethodAccessorImpl.invoke(NativeMethodAccessorImpl.java:62)
	at sun.reflect.DelegatingMethodAccessorImpl.invoke(DelegatingMethodAccessorImpl.java:43)
	at java.lang.reflect.Method.invoke(Method.java:498)
	at org.eclipse.equinox.launcher.Main.invokeFramework(Main.java:636)
	at org.eclipse.equinox.launcher.Main.basicRun(Main.java:591)
	at org.eclipse.equinox.launcher.Main.run(Main.java:1450)
	at org.eclipse.equinox.launcher.Main.main(Main.java:1426)
	at org.eclipse.core.launcher.Main.main(Main.java:34)
Caused by: java.lang.ClassNotFoundException: org.apache.log.format.Formatter cannot be found by com.kony.thirdparty.jars_8.1.0.v201712111801
	at org.eclipse.osgi.internal.loader.BundleLoader.findClassInternal(BundleLoader.java:501)
	at org.eclipse.osgi.internal.loader.BundleLoader.findClass(BundleLoader.java:421)
	at org.eclipse.osgi.internal.loader.BundleLoader.findClass(BundleLoader.java:412)
	at org.eclipse.osgi.internal.baseadaptor.DefaultClassLoader.loadClass(DefaultClassLoader.java:107)
	at java.lang.ClassLoader.loadClass(ClassLoader.java:357)
	... 52 more
2018-07-16 19:14:28,673 - Trying to use logger class org.apache.velocity.runtime.log.Log4JLogChute
2018-07-16 19:14:28,673 - Using logger class org.apache.velocity.runtime.log.Log4JLogChute
2018-07-16 19:14:28,675 - Default ResourceManager initializing. (class org.apache.velocity.runtime.resource.ResourceManagerImpl)
2018-07-16 19:14:28,676 - ResourceLoader instantiated: org.apache.velocity.runtime.resource.loader.ClasspathResourceLoader
2018-07-16 19:14:28,685 - ResourceCache: initialized (class org.apache.velocity.runtime.resource.ResourceCacheImpl)
2018-07-16 19:14:28,686 - Loaded System Directive: org.apache.velocity.runtime.directive.Literal
2018-07-16 19:14:28,687 - Loaded System Directive: org.apache.velocity.runtime.directive.Macro
2018-07-16 19:14:28,688 - Loaded System Directive: org.apache.velocity.runtime.directive.Parse
2018-07-16 19:14:28,689 - Loaded System Directive: org.apache.velocity.runtime.directive.Include
2018-07-16 19:14:28,690 - Loaded System Directive: org.apache.velocity.runtime.directive.Foreach
2018-07-16 19:14:28,705 - Created '20' parsers.
2018-07-16 19:14:28,708 - Velocimacro : "velocimacro.library" is not set.  Trying default library: VM_global_library.vm
2018-07-16 19:14:28,756 - Velocimacro : Default library not found.
2018-07-16 19:14:28,756 - Velocimacro : allowInline = true : VMs can be defined inline in templates
2018-07-16 19:14:28,756 - Velocimacro : allowInlineToOverride = false : VMs defined inline may NOT replace previous VM definitions
2018-07-16 19:14:28,756 - Velocimacro : allowInlineLocal = false : VMs defined inline will be global in scope if allowed.
2018-07-16 19:14:28,756 - Velocimacro : autoload off : VM system will not automatically reload global library macros
2018-07-16 19:14:52,782 - Null reference [template 'templateParam', line 106, column 14] : $skip_porting cannot be resolved.
2018-07-16 19:14:53,182 - Null reference [template 'templateParam', line 106, column 14] : $skip_porting cannot be resolved.
2018-07-16 19:14:53,237 - Null reference [template 'templateParam', line 106, column 14] : $skip_porting cannot be resolved.
2018-07-16 19:15:00,870 - ResourceManager : found tpjsmiddlewareerror.vm with loader org.apache.velocity.runtime.resource.loader.ClasspathResourceLoader
2018-07-16 19:15:00,872 - ResourceManager : found tpjssessionerror.vm with loader org.apache.velocity.runtime.resource.loader.ClasspathResourceLoader
2018-07-16 19:15:00,873 - ResourceManager : found tpjsapperror.vm with loader org.apache.velocity.runtime.resource.loader.ClasspathResourceLoader
2018-07-16 19:15:00,889 - ResourceManager : found tpjsmiddlewareinvoker.vm with loader org.apache.velocity.runtime.resource.loader.ClasspathResourceLoader
2018-07-16 19:15:00,891 - Left side ($palmpre) of '==' operation has null value. If a reference, it may not be in the context. Operation not possible. tpjsmiddlewareinvoker.vm [line 93, column 20]
2018-07-16 19:15:00,891 - Left side ($palmpre) of '==' operation has null value. If a reference, it may not be in the context. Operation not possible. tpjsmiddlewareinvoker.vm [line 172, column 20]
2018-07-16 19:15:00,891 - Left side ($palmpre) of '==' operation has null value. If a reference, it may not be in the context. Operation not possible. tpjsmiddlewareinvoker.vm [line 255, column 20]
2018-07-16 19:15:00,891 - Left side ($palmpre) of '==' operation has null value. If a reference, it may not be in the context. Operation not possible. tpjsmiddlewareinvoker.vm [line 326, column 20]
2018-07-16 19:15:00,891 - Left side ($palmpre) of '==' operation has null value. If a reference, it may not be in the context. Operation not possible. tpjsmiddlewareinvoker.vm [line 395, column 20]
2018-07-16 19:15:00,892 - ResourceManager : found tpjscallfunc.vm with loader org.apache.velocity.runtime.resource.loader.ClasspathResourceLoader
2018-07-16 19:15:00,934 - ResourceManager : found tpjsstartup.vm with loader org.apache.velocity.runtime.resource.loader.ClasspathResourceLoader
2018-07-16 19:15:00,950 - ResourceManager : found tpjshybridstartupforspa.vm with loader org.apache.velocity.runtime.resource.loader.ClasspathResourceLoader
2018-07-16 19:15:00,972 - ResourceManager : found tpjswinmobilesequencecontainerglobals.vm with loader org.apache.velocity.runtime.resource.loader.ClasspathResourceLoader
2018-07-16 19:15:00,976 - ResourceManager : found tpjswinmobilesequence.vm with loader org.apache.velocity.runtime.resource.loader.ClasspathResourceLoader
2018-07-16 19:15:00,979 - ResourceManager : found tpjsappconfigfortc.vm with loader org.apache.velocity.runtime.resource.loader.ClasspathResourceLoader
2018-07-16 19:15:00,982 - ResourceManager : found customizederrorjsptemplate.vm with loader org.apache.velocity.runtime.resource.loader.ClasspathResourceLoader
2018-07-16 19:15:00,992 - ResourceManager : found tpspabasetemplateforjs.vm with loader org.apache.velocity.runtime.resource.loader.ClasspathResourceLoader
2018-07-16 19:15:01,110 - ResourceManager : found tpjsformglobalsforbb10.vm with loader org.apache.velocity.runtime.resource.loader.ClasspathResourceLoader
2018-07-18 12:17:50,526 - Log4JLogChute initialized using file 'velocity.log'
2018-07-18 12:17:50,578 - Starting Apache Velocity v1.5 (compiled: 2007-02-22 08:52:29)
2018-07-18 12:17:50,579 - Default Properties File: org\apache\velocity\runtime\defaults\velocity.properties
2018-07-18 12:17:50,579 - Trying to use logger class org.apache.velocity.runtime.log.AvalonLogChute
2018-07-18 12:17:50,580 - Couldn't find class org.apache.velocity.runtime.log.AvalonLogChute or necessary supporting classes in classpath.
java.lang.NoClassDefFoundError: org/apache/log/format/Formatter
	at java.lang.Class.forName0(Native Method)
	at java.lang.Class.forName(Class.java:348)
	at org.apache.velocity.util.ClassUtils.getClass(ClassUtils.java:63)
	at org.apache.velocity.util.ClassUtils.getNewInstance(ClassUtils.java:95)
	at org.apache.velocity.runtime.log.LogManager.createLogChute(LogManager.java:147)
	at org.apache.velocity.runtime.log.LogManager.updateLog(LogManager.java:208)
	at org.apache.velocity.runtime.RuntimeInstance.initializeLog(RuntimeInstance.java:728)
	at org.apache.velocity.runtime.RuntimeInstance.init(RuntimeInstance.java:240)
	at org.apache.velocity.runtime.RuntimeInstance.init(RuntimeInstance.java:534)
	at org.apache.velocity.runtime.RuntimeSingleton.init(RuntimeSingleton.java:227)
	at org.apache.velocity.app.Velocity.init(Velocity.java:111)
	at com.kony.tool.templateprovider.VelocityTemplateProvider.<clinit>(VelocityTemplateProvider.java:53)
	at com.pat.tool.keditor.KEditorPlugin.init(KEditorPlugin.java:1147)
	at com.pat.tool.keditor.KEditorPlugin.start(KEditorPlugin.java:645)
	at org.eclipse.osgi.framework.internal.core.BundleContextImpl$1.run(BundleContextImpl.java:711)
	at java.security.AccessController.doPrivileged(Native Method)
	at org.eclipse.osgi.framework.internal.core.BundleContextImpl.startActivator(BundleContextImpl.java:702)
	at org.eclipse.osgi.framework.internal.core.BundleContextImpl.start(BundleContextImpl.java:683)
	at org.eclipse.osgi.framework.internal.core.BundleHost.startWorker(BundleHost.java:381)
	at org.eclipse.osgi.framework.internal.core.AbstractBundle.start(AbstractBundle.java:300)
	at org.eclipse.osgi.framework.util.SecureAction.start(SecureAction.java:478)
	at org.eclipse.osgi.internal.loader.BundleLoader.setLazyTrigger(BundleLoader.java:263)
	at org.eclipse.core.runtime.internal.adaptor.EclipseLazyStarter.postFindLocalClass(EclipseLazyStarter.java:109)
	at org.eclipse.osgi.baseadaptor.loader.ClasspathManager.findLocalClass(ClasspathManager.java:469)
	at org.eclipse.osgi.internal.baseadaptor.DefaultClassLoader.findLocalClass(DefaultClassLoader.java:216)
	at org.eclipse.osgi.internal.loader.BundleLoader.findLocalClass(BundleLoader.java:395)
	at org.eclipse.osgi.internal.loader.BundleLoader.findClassInternal(BundleLoader.java:464)
	at org.eclipse.osgi.internal.loader.BundleLoader.findClass(BundleLoader.java:421)
	at org.eclipse.osgi.internal.loader.BundleLoader.findClass(BundleLoader.java:412)
	at org.eclipse.osgi.internal.baseadaptor.DefaultClassLoader.loadClass(DefaultClassLoader.java:107)
	at java.lang.ClassLoader.loadClass(ClassLoader.java:357)
	at org.eclipse.osgi.internal.loader.BundleLoader.loadClass(BundleLoader.java:340)
	at org.eclipse.osgi.framework.internal.core.BundleHost.loadClass(BundleHost.java:229)
	at org.eclipse.osgi.framework.internal.core.AbstractBundle.loadClass(AbstractBundle.java:1212)
	at org.eclipse.core.internal.registry.osgi.RegistryStrategyOSGI.createExecutableExtension(RegistryStrategyOSGI.java:174)
	at org.eclipse.core.internal.registry.ExtensionRegistry.createExecutableExtension(ExtensionRegistry.java:905)
	at org.eclipse.core.internal.registry.ConfigurationElement.createExecutableExtension(ConfigurationElement.java:243)
	at org.eclipse.core.internal.registry.ConfigurationElementHandle.createExecutableExtension(ConfigurationElementHandle.java:55)
	at org.eclipse.equinox.internal.app.EclipseAppHandle.run(EclipseAppHandle.java:191)
	at org.eclipse.core.runtime.internal.adaptor.EclipseAppLauncher.runApplication(EclipseAppLauncher.java:110)
	at org.eclipse.core.runtime.internal.adaptor.EclipseAppLauncher.start(EclipseAppLauncher.java:79)
	at org.eclipse.core.runtime.adaptor.EclipseStarter.run(EclipseStarter.java:354)
	at org.eclipse.core.runtime.adaptor.EclipseStarter.run(EclipseStarter.java:181)
	at sun.reflect.NativeMethodAccessorImpl.invoke0(Native Method)
	at sun.reflect.NativeMethodAccessorImpl.invoke(NativeMethodAccessorImpl.java:62)
	at sun.reflect.DelegatingMethodAccessorImpl.invoke(DelegatingMethodAccessorImpl.java:43)
	at java.lang.reflect.Method.invoke(Method.java:498)
	at org.eclipse.equinox.launcher.Main.invokeFramework(Main.java:636)
	at org.eclipse.equinox.launcher.Main.basicRun(Main.java:591)
	at org.eclipse.equinox.launcher.Main.run(Main.java:1450)
	at org.eclipse.equinox.launcher.Main.main(Main.java:1426)
	at org.eclipse.core.launcher.Main.main(Main.java:34)
Caused by: java.lang.ClassNotFoundException: org.apache.log.format.Formatter cannot be found by com.kony.thirdparty.jars_8.1.0.v201712111801
	at org.eclipse.osgi.internal.loader.BundleLoader.findClassInternal(BundleLoader.java:501)
	at org.eclipse.osgi.internal.loader.BundleLoader.findClass(BundleLoader.java:421)
	at org.eclipse.osgi.internal.loader.BundleLoader.findClass(BundleLoader.java:412)
	at org.eclipse.osgi.internal.baseadaptor.DefaultClassLoader.loadClass(DefaultClassLoader.java:107)
	at java.lang.ClassLoader.loadClass(ClassLoader.java:357)
	... 52 more
2018-07-18 12:17:50,584 - Trying to use logger class org.apache.velocity.runtime.log.Log4JLogChute
2018-07-18 12:17:50,584 - Using logger class org.apache.velocity.runtime.log.Log4JLogChute
2018-07-18 12:17:50,586 - Default ResourceManager initializing. (class org.apache.velocity.runtime.resource.ResourceManagerImpl)
2018-07-18 12:17:50,588 - ResourceLoader instantiated: org.apache.velocity.runtime.resource.loader.ClasspathResourceLoader
2018-07-18 12:17:50,601 - ResourceCache: initialized (class org.apache.velocity.runtime.resource.ResourceCacheImpl)
2018-07-18 12:17:50,603 - Loaded System Directive: org.apache.velocity.runtime.directive.Literal
2018-07-18 12:17:50,605 - Loaded System Directive: org.apache.velocity.runtime.directive.Macro
2018-07-18 12:17:50,607 - Loaded System Directive: org.apache.velocity.runtime.directive.Parse
2018-07-18 12:17:50,608 - Loaded System Directive: org.apache.velocity.runtime.directive.Include
2018-07-18 12:17:50,609 - Loaded System Directive: org.apache.velocity.runtime.directive.Foreach
2018-07-18 12:17:50,639 - Created '20' parsers.
2018-07-18 12:17:50,645 - Velocimacro : "velocimacro.library" is not set.  Trying default library: VM_global_library.vm
2018-07-18 12:17:50,717 - Velocimacro : Default library not found.
2018-07-18 12:17:50,717 - Velocimacro : allowInline = true : VMs can be defined inline in templates
2018-07-18 12:17:50,717 - Velocimacro : allowInlineToOverride = false : VMs defined inline may NOT replace previous VM definitions
2018-07-18 12:17:50,717 - Velocimacro : allowInlineLocal = false : VMs defined inline will be global in scope if allowed.
2018-07-18 12:17:50,717 - Velocimacro : autoload off : VM system will not automatically reload global library macros
2018-07-18 12:18:23,909 - Null reference [template 'templateParam', line 106, column 14] : $skip_porting cannot be resolved.
2018-07-18 12:18:25,905 - Null reference [template 'templateParam', line 106, column 14] : $skip_porting cannot be resolved.
2018-07-18 12:18:26,113 - Null reference [template 'templateParam', line 106, column 14] : $skip_porting cannot be resolved.
2018-07-18 12:18:36,397 - ResourceManager : found tpjsmiddlewareerror.vm with loader org.apache.velocity.runtime.resource.loader.ClasspathResourceLoader
2018-07-18 12:18:36,398 - ResourceManager : found tpjssessionerror.vm with loader org.apache.velocity.runtime.resource.loader.ClasspathResourceLoader
2018-07-18 12:18:36,398 - ResourceManager : found tpjsapperror.vm with loader org.apache.velocity.runtime.resource.loader.ClasspathResourceLoader
2018-07-18 12:18:36,422 - ResourceManager : found tpjsmiddlewareinvoker.vm with loader org.apache.velocity.runtime.resource.loader.ClasspathResourceLoader
2018-07-18 12:18:36,424 - Left side ($palmpre) of '==' operation has null value. If a reference, it may not be in the context. Operation not possible. tpjsmiddlewareinvoker.vm [line 93, column 20]
2018-07-18 12:18:36,424 - Left side ($palmpre) of '==' operation has null value. If a reference, it may not be in the context. Operation not possible. tpjsmiddlewareinvoker.vm [line 172, column 20]
2018-07-18 12:18:36,424 - Left side ($palmpre) of '==' operation has null value. If a reference, it may not be in the context. Operation not possible. tpjsmiddlewareinvoker.vm [line 255, column 20]
2018-07-18 12:18:36,425 - Left side ($palmpre) of '==' operation has null value. If a reference, it may not be in the context. Operation not possible. tpjsmiddlewareinvoker.vm [line 326, column 20]
2018-07-18 12:18:36,425 - Left side ($palmpre) of '==' operation has null value. If a reference, it may not be in the context. Operation not possible. tpjsmiddlewareinvoker.vm [line 395, column 20]
2018-07-18 12:18:36,427 - ResourceManager : found tpjscallfunc.vm with loader org.apache.velocity.runtime.resource.loader.ClasspathResourceLoader
2018-07-18 12:18:36,489 - ResourceManager : found tpjsstartup.vm with loader org.apache.velocity.runtime.resource.loader.ClasspathResourceLoader
2018-07-18 12:18:36,502 - ResourceManager : found tpjshybridstartupforspa.vm with loader org.apache.velocity.runtime.resource.loader.ClasspathResourceLoader
2018-07-18 12:18:36,534 - ResourceManager : found tpjswinmobilesequencecontainerglobals.vm with loader org.apache.velocity.runtime.resource.loader.ClasspathResourceLoader
2018-07-18 12:18:36,536 - ResourceManager : found tpjswinmobilesequence.vm with loader org.apache.velocity.runtime.resource.loader.ClasspathResourceLoader
2018-07-18 12:18:36,563 - ResourceManager : found tpjsappconfigfortc.vm with loader org.apache.velocity.runtime.resource.loader.ClasspathResourceLoader
2018-07-18 12:18:36,565 - ResourceManager : found customizederrorjsptemplate.vm with loader org.apache.velocity.runtime.resource.loader.ClasspathResourceLoader
2018-07-18 12:18:36,568 - ResourceManager : found tpspabasetemplateforjs.vm with loader org.apache.velocity.runtime.resource.loader.ClasspathResourceLoader
2018-07-18 12:18:36,572 - ResourceManager : found tpjsformglobalsforbb10.vm with loader org.apache.velocity.runtime.resource.loader.ClasspathResourceLoader
2018-07-18 12:21:33,063 - Log4JLogChute initialized using file 'velocity.log'
2018-07-18 12:21:33,063 - Starting Apache Velocity v1.5 (compiled: 2007-02-22 08:52:29)
2018-07-18 12:21:33,063 - Default Properties File: org\apache\velocity\runtime\defaults\velocity.properties
2018-07-18 12:21:33,063 - Trying to use logger class org.apache.velocity.runtime.log.AvalonLogChute
2018-07-18 12:21:33,064 - Couldn't find class org.apache.velocity.runtime.log.AvalonLogChute or necessary supporting classes in classpath.
java.lang.NoClassDefFoundError: org/apache/log/format/Formatter
	at java.lang.Class.forName0(Native Method)
	at java.lang.Class.forName(Class.java:348)
	at org.apache.velocity.util.ClassUtils.getClass(ClassUtils.java:63)
	at org.apache.velocity.util.ClassUtils.getNewInstance(ClassUtils.java:95)
	at org.apache.velocity.runtime.log.LogManager.createLogChute(LogManager.java:147)
	at org.apache.velocity.runtime.log.LogManager.updateLog(LogManager.java:208)
	at org.apache.velocity.runtime.RuntimeInstance.initializeLog(RuntimeInstance.java:728)
	at org.apache.velocity.runtime.RuntimeInstance.init(RuntimeInstance.java:240)
	at org.apache.velocity.runtime.RuntimeInstance.init(RuntimeInstance.java:534)
	at org.apache.velocity.runtime.RuntimeSingleton.init(RuntimeSingleton.java:227)
	at org.apache.velocity.app.Velocity.init(Velocity.java:111)
	at com.kony.tool.templateprovider.VelocityTemplateProvider.<clinit>(VelocityTemplateProvider.java:53)
	at com.pat.tool.keditor.KEditorPlugin.init(KEditorPlugin.java:1147)
	at com.pat.tool.keditor.KEditorPlugin.start(KEditorPlugin.java:645)
	at org.eclipse.osgi.framework.internal.core.BundleContextImpl$1.run(BundleContextImpl.java:711)
	at java.security.AccessController.doPrivileged(Native Method)
	at org.eclipse.osgi.framework.internal.core.BundleContextImpl.startActivator(BundleContextImpl.java:702)
	at org.eclipse.osgi.framework.internal.core.BundleContextImpl.start(BundleContextImpl.java:683)
	at org.eclipse.osgi.framework.internal.core.BundleHost.startWorker(BundleHost.java:381)
	at org.eclipse.osgi.framework.internal.core.AbstractBundle.start(AbstractBundle.java:300)
	at org.eclipse.osgi.framework.util.SecureAction.start(SecureAction.java:478)
	at org.eclipse.osgi.internal.loader.BundleLoader.setLazyTrigger(BundleLoader.java:263)
	at org.eclipse.core.runtime.internal.adaptor.EclipseLazyStarter.postFindLocalClass(EclipseLazyStarter.java:109)
	at org.eclipse.osgi.baseadaptor.loader.ClasspathManager.findLocalClass(ClasspathManager.java:469)
	at org.eclipse.osgi.internal.baseadaptor.DefaultClassLoader.findLocalClass(DefaultClassLoader.java:216)
	at org.eclipse.osgi.internal.loader.BundleLoader.findLocalClass(BundleLoader.java:395)
	at org.eclipse.osgi.internal.loader.BundleLoader.findClassInternal(BundleLoader.java:464)
	at org.eclipse.osgi.internal.loader.BundleLoader.findClass(BundleLoader.java:421)
	at org.eclipse.osgi.internal.loader.BundleLoader.findClass(BundleLoader.java:412)
	at org.eclipse.osgi.internal.baseadaptor.DefaultClassLoader.loadClass(DefaultClassLoader.java:107)
	at java.lang.ClassLoader.loadClass(ClassLoader.java:357)
	at org.eclipse.osgi.internal.loader.BundleLoader.loadClass(BundleLoader.java:340)
	at org.eclipse.osgi.framework.internal.core.BundleHost.loadClass(BundleHost.java:229)
	at org.eclipse.osgi.framework.internal.core.AbstractBundle.loadClass(AbstractBundle.java:1212)
	at org.eclipse.core.internal.registry.osgi.RegistryStrategyOSGI.createExecutableExtension(RegistryStrategyOSGI.java:174)
	at org.eclipse.core.internal.registry.ExtensionRegistry.createExecutableExtension(ExtensionRegistry.java:905)
	at org.eclipse.core.internal.registry.ConfigurationElement.createExecutableExtension(ConfigurationElement.java:243)
	at org.eclipse.core.internal.registry.ConfigurationElementHandle.createExecutableExtension(ConfigurationElementHandle.java:55)
	at org.eclipse.equinox.internal.app.EclipseAppHandle.run(EclipseAppHandle.java:191)
	at org.eclipse.core.runtime.internal.adaptor.EclipseAppLauncher.runApplication(EclipseAppLauncher.java:110)
	at org.eclipse.core.runtime.internal.adaptor.EclipseAppLauncher.start(EclipseAppLauncher.java:79)
	at org.eclipse.core.runtime.adaptor.EclipseStarter.run(EclipseStarter.java:354)
	at org.eclipse.core.runtime.adaptor.EclipseStarter.run(EclipseStarter.java:181)
	at sun.reflect.NativeMethodAccessorImpl.invoke0(Native Method)
	at sun.reflect.NativeMethodAccessorImpl.invoke(NativeMethodAccessorImpl.java:62)
	at sun.reflect.DelegatingMethodAccessorImpl.invoke(DelegatingMethodAccessorImpl.java:43)
	at java.lang.reflect.Method.invoke(Method.java:498)
	at org.eclipse.equinox.launcher.Main.invokeFramework(Main.java:636)
	at org.eclipse.equinox.launcher.Main.basicRun(Main.java:591)
	at org.eclipse.equinox.launcher.Main.run(Main.java:1450)
	at org.eclipse.equinox.launcher.Main.main(Main.java:1426)
	at org.eclipse.core.launcher.Main.main(Main.java:34)
Caused by: java.lang.ClassNotFoundException: org.apache.log.format.Formatter cannot be found by com.kony.thirdparty.jars_8.1.0.v201712111801
	at org.eclipse.osgi.internal.loader.BundleLoader.findClassInternal(BundleLoader.java:501)
	at org.eclipse.osgi.internal.loader.BundleLoader.findClass(BundleLoader.java:421)
	at org.eclipse.osgi.internal.loader.BundleLoader.findClass(BundleLoader.java:412)
	at org.eclipse.osgi.internal.baseadaptor.DefaultClassLoader.loadClass(DefaultClassLoader.java:107)
	at java.lang.ClassLoader.loadClass(ClassLoader.java:357)
	... 52 more
2018-07-18 12:21:33,066 - Trying to use logger class org.apache.velocity.runtime.log.Log4JLogChute
2018-07-18 12:21:33,066 - Using logger class org.apache.velocity.runtime.log.Log4JLogChute
2018-07-18 12:21:33,067 - Default ResourceManager initializing. (class org.apache.velocity.runtime.resource.ResourceManagerImpl)
2018-07-18 12:21:33,068 - ResourceLoader instantiated: org.apache.velocity.runtime.resource.loader.ClasspathResourceLoader
2018-07-18 12:21:33,076 - ResourceCache: initialized (class org.apache.velocity.runtime.resource.ResourceCacheImpl)
2018-07-18 12:21:33,077 - Loaded System Directive: org.apache.velocity.runtime.directive.Literal
2018-07-18 12:21:33,077 - Loaded System Directive: org.apache.velocity.runtime.directive.Macro
2018-07-18 12:21:33,078 - Loaded System Directive: org.apache.velocity.runtime.directive.Parse
2018-07-18 12:21:33,082 - Loaded System Directive: org.apache.velocity.runtime.directive.Include
2018-07-18 12:21:33,082 - Loaded System Directive: org.apache.velocity.runtime.directive.Foreach
2018-07-18 12:21:33,098 - Created '20' parsers.
2018-07-18 12:21:33,100 - Velocimacro : "velocimacro.library" is not set.  Trying default library: VM_global_library.vm
2018-07-18 12:21:33,136 - Velocimacro : Default library not found.
2018-07-18 12:21:33,136 - Velocimacro : allowInline = true : VMs can be defined inline in templates
2018-07-18 12:21:33,136 - Velocimacro : allowInlineToOverride = false : VMs defined inline may NOT replace previous VM definitions
2018-07-18 12:21:33,136 - Velocimacro : allowInlineLocal = false : VMs defined inline will be global in scope if allowed.
2018-07-18 12:21:33,136 - Velocimacro : autoload off : VM system will not automatically reload global library macros
2018-07-18 12:22:01,163 - Null reference [template 'templateParam', line 106, column 14] : $skip_porting cannot be resolved.
2018-07-18 12:22:01,473 - Null reference [template 'templateParam', line 106, column 14] : $skip_porting cannot be resolved.
2018-07-18 12:22:01,513 - Null reference [template 'templateParam', line 106, column 14] : $skip_porting cannot be resolved.
2018-07-18 12:22:07,517 - ResourceManager : found tpjsmiddlewareerror.vm with loader org.apache.velocity.runtime.resource.loader.ClasspathResourceLoader
2018-07-18 12:22:07,518 - ResourceManager : found tpjssessionerror.vm with loader org.apache.velocity.runtime.resource.loader.ClasspathResourceLoader
2018-07-18 12:22:07,519 - ResourceManager : found tpjsapperror.vm with loader org.apache.velocity.runtime.resource.loader.ClasspathResourceLoader
2018-07-18 12:22:07,540 - ResourceManager : found tpjsmiddlewareinvoker.vm with loader org.apache.velocity.runtime.resource.loader.ClasspathResourceLoader
2018-07-18 12:22:07,541 - Left side ($palmpre) of '==' operation has null value. If a reference, it may not be in the context. Operation not possible. tpjsmiddlewareinvoker.vm [line 93, column 20]
2018-07-18 12:22:07,541 - Left side ($palmpre) of '==' operation has null value. If a reference, it may not be in the context. Operation not possible. tpjsmiddlewareinvoker.vm [line 172, column 20]
2018-07-18 12:22:07,541 - Left side ($palmpre) of '==' operation has null value. If a reference, it may not be in the context. Operation not possible. tpjsmiddlewareinvoker.vm [line 255, column 20]
2018-07-18 12:22:07,541 - Left side ($palmpre) of '==' operation has null value. If a reference, it may not be in the context. Operation not possible. tpjsmiddlewareinvoker.vm [line 326, column 20]
2018-07-18 12:22:07,541 - Left side ($palmpre) of '==' operation has null value. If a reference, it may not be in the context. Operation not possible. tpjsmiddlewareinvoker.vm [line 395, column 20]
2018-07-18 12:22:07,542 - ResourceManager : found tpjscallfunc.vm with loader org.apache.velocity.runtime.resource.loader.ClasspathResourceLoader
2018-07-18 12:22:07,588 - ResourceManager : found tpjsstartup.vm with loader org.apache.velocity.runtime.resource.loader.ClasspathResourceLoader
2018-07-18 12:22:07,601 - ResourceManager : found tpjshybridstartupforspa.vm with loader org.apache.velocity.runtime.resource.loader.ClasspathResourceLoader
2018-07-18 12:22:07,617 - ResourceManager : found tpjswinmobilesequencecontainerglobals.vm with loader org.apache.velocity.runtime.resource.loader.ClasspathResourceLoader
2018-07-18 12:22:07,618 - ResourceManager : found tpjswinmobilesequence.vm with loader org.apache.velocity.runtime.resource.loader.ClasspathResourceLoader
2018-07-18 12:22:07,622 - ResourceManager : found tpjsappconfigfortc.vm with loader org.apache.velocity.runtime.resource.loader.ClasspathResourceLoader
2018-07-18 12:22:07,623 - ResourceManager : found customizederrorjsptemplate.vm with loader org.apache.velocity.runtime.resource.loader.ClasspathResourceLoader
2018-07-18 12:22:07,625 - ResourceManager : found tpspabasetemplateforjs.vm with loader org.apache.velocity.runtime.resource.loader.ClasspathResourceLoader
2018-07-18 12:22:07,629 - ResourceManager : found tpjsformglobalsforbb10.vm with loader org.apache.velocity.runtime.resource.loader.ClasspathResourceLoader
